
> out@0.1.0 build
> next build

[32m[VELITE][0m build finished in 693.55ms
The Next Bundle Analyzer is not compatible with Turbopack builds, no report will be generated.

Consider trying the new Turbopack analyzer via `next experimental-analyze`.

See https://nextjs.org/docs/app/guides/package-bundling for more information

To run this analysis pass the `--webpack` flag to `next build`
▲ Next.js 16.1.1 (Turbopack)
- Environments: .env.local

  Creating an optimized production build ...
[32m[VELITE][0m build finished in 661.09ms
The Next Bundle Analyzer is not compatible with Turbopack builds, no report will be generated.

Consider trying the new Turbopack analyzer via `next experimental-analyze`.

See https://nextjs.org/docs/app/guides/package-bundling for more information

To run this analysis pass the `--webpack` flag to `next build`
The Next Bundle Analyzer is not compatible with Turbopack builds, no report will be generated.

Consider trying the new Turbopack analyzer via `next experimental-analyze`.

See https://nextjs.org/docs/app/guides/package-bundling for more information

To run this analysis pass the `--webpack` flag to `next build`
✓ Compiled successfully in 2.6s
  Running TypeScript ...
  Collecting page data using 11 workers ...
⚠ Using edge runtime on a page currently disables static generation for that page
  Generating static pages using 11 workers (0/41) ...
  Generating static pages using 11 workers (10/41) 
  Generating static pages using 11 workers (20/41) 
  Generating static pages using 11 workers (30/41) 
✓ Generating static pages using 11 workers (41/41) in 348.2ms
  Finalizing page optimization ...

Route (app)
┌ ○ /
├ ○ /_not-found
├ ○ /about
├ ƒ /api/github-activity
├ ○ /blog
├ ● /blog/[slug]
│ ├ /blog/react-form-aws-backend
│ ├ /blog/google-professional-cloud-architect-exam-prep
│ ├ /blog/hello-world
│ └ [+5 more paths]
├ ● /blog/author/[author]
│ └ /blog/author/dalton-ousley
├ ● /blog/category/[category]
│ ├ /blog/category/journey
│ ├ /blog/category/tutorials
│ └ /blog/category/projects
├ ● /blog/tag/[tag]
│ ├ /blog/tag/cloud engineer
│ ├ /blog/tag/terraform
│ ├ /blog/tag/devops
│ └ [+15 more paths]
├ ○ /experience
├ ○ /privacy
├ ○ /privacy/history
├ ○ /projects
├ ○ /terms
└ ○ /terms/history


○  (Static)   prerendered as static content
●  (SSG)      prerendered as static HTML (uses generateStaticParams)
ƒ  (Dynamic)  server-rendered on demand

